The system is: Darwin - 11.4.2 - i386
Compiling the C compiler identification source file "CMakeCCompilerId.c" succeeded.
Compiler: /usr/bin/cc 
Build flags: 
Id flags: 

The output was:
0


Compilation of the C compiler identification source "CMakeCCompilerId.c" produced "a.out"

The C compiler identification is Clang, found in "/Users/thejenix/Dropbox/School/Agency/dev/rrtstar/lcmtypes/pod-build/CMakeFiles/2.8.10.2/CompilerIdC/a.out"

Compiling the CXX compiler identification source file "CMakeCXXCompilerId.cpp" succeeded.
Compiler: /usr/bin/c++ 
Build flags: 
Id flags: 

The output was:
0


Compilation of the CXX compiler identification source "CMakeCXXCompilerId.cpp" produced "a.out"

The CXX compiler identification is Clang, found in "/Users/thejenix/Dropbox/School/Agency/dev/rrtstar/lcmtypes/pod-build/CMakeFiles/2.8.10.2/CompilerIdCXX/a.out"

Determining if the C compiler works passed with the following output:
Change Dir: /Users/thejenix/Dropbox/School/Agency/dev/rrtstar/lcmtypes/pod-build/CMakeFiles/CMakeTmp

Run Build Command:/usr/bin/make "cmTryCompileExec2760676821/fast"
/usr/bin/make -f CMakeFiles/cmTryCompileExec2760676821.dir/build.make CMakeFiles/cmTryCompileExec2760676821.dir/build
/usr/local/Cellar/cmake/2.8.10.2/bin/cmake -E cmake_progress_report /Users/thejenix/Dropbox/School/Agency/dev/rrtstar/lcmtypes/pod-build/CMakeFiles/CMakeTmp/CMakeFiles 1
Building C object CMakeFiles/cmTryCompileExec2760676821.dir/testCCompiler.c.o
/usr/bin/cc    -o CMakeFiles/cmTryCompileExec2760676821.dir/testCCompiler.c.o   -c /Users/thejenix/Dropbox/School/Agency/dev/rrtstar/lcmtypes/pod-build/CMakeFiles/CMakeTmp/testCCompiler.c
Linking C executable cmTryCompileExec2760676821
/usr/local/Cellar/cmake/2.8.10.2/bin/cmake -E cmake_link_script CMakeFiles/cmTryCompileExec2760676821.dir/link.txt --verbose=1
/usr/bin/cc      -Wl,-search_paths_first -Wl,-headerpad_max_install_names   CMakeFiles/cmTryCompileExec2760676821.dir/testCCompiler.c.o  -o cmTryCompileExec2760676821  


Detecting C compiler ABI info compiled with the following output:
Change Dir: /Users/thejenix/Dropbox/School/Agency/dev/rrtstar/lcmtypes/pod-build/CMakeFiles/CMakeTmp

Run Build Command:/usr/bin/make "cmTryCompileExec3328489935/fast"
/usr/bin/make -f CMakeFiles/cmTryCompileExec3328489935.dir/build.make CMakeFiles/cmTryCompileExec3328489935.dir/build
/usr/local/Cellar/cmake/2.8.10.2/bin/cmake -E cmake_progress_report /Users/thejenix/Dropbox/School/Agency/dev/rrtstar/lcmtypes/pod-build/CMakeFiles/CMakeTmp/CMakeFiles 1
Building C object CMakeFiles/cmTryCompileExec3328489935.dir/CMakeCCompilerABI.c.o
/usr/bin/cc    -o CMakeFiles/cmTryCompileExec3328489935.dir/CMakeCCompilerABI.c.o   -c /usr/local/Cellar/cmake/2.8.10.2/share/cmake/Modules/CMakeCCompilerABI.c
Linking C executable cmTryCompileExec3328489935
/usr/local/Cellar/cmake/2.8.10.2/bin/cmake -E cmake_link_script CMakeFiles/cmTryCompileExec3328489935.dir/link.txt --verbose=1
/usr/bin/cc      -Wl,-search_paths_first -Wl,-headerpad_max_install_names -v CMakeFiles/cmTryCompileExec3328489935.dir/CMakeCCompilerABI.c.o  -o cmTryCompileExec3328489935   
Apple LLVM version 4.2 (clang-425.0.27) (based on LLVM 3.2svn)
Target: x86_64-apple-darwin11.4.2
Thread model: posix
 "/usr/bin/ld" -demangle -dynamic -arch x86_64 -macosx_version_min 10.7.0 -o cmTryCompileExec3328489935 -lcrt1.10.6.o -search_paths_first -headerpad_max_install_names CMakeFiles/cmTryCompileExec3328489935.dir/CMakeCCompilerABI.c.o -lSystem /usr/bin/../lib/clang/4.2/lib/darwin/libclang_rt.osx.a


Parsed C implicit link information from above output:
  link line regex: [^( *|.*[/\])(ld|ld|collect2)[^/\]*( |$)]
  ignore line: [Change Dir: /Users/thejenix/Dropbox/School/Agency/dev/rrtstar/lcmtypes/pod-build/CMakeFiles/CMakeTmp]
  ignore line: []
  ignore line: [Run Build Command:/usr/bin/make "cmTryCompileExec3328489935/fast"]
  ignore line: [/usr/bin/make -f CMakeFiles/cmTryCompileExec3328489935.dir/build.make CMakeFiles/cmTryCompileExec3328489935.dir/build]
  ignore line: [/usr/local/Cellar/cmake/2.8.10.2/bin/cmake -E cmake_progress_report /Users/thejenix/Dropbox/School/Agency/dev/rrtstar/lcmtypes/pod-build/CMakeFiles/CMakeTmp/CMakeFiles 1]
  ignore line: [Building C object CMakeFiles/cmTryCompileExec3328489935.dir/CMakeCCompilerABI.c.o]
  ignore line: [/usr/bin/cc    -o CMakeFiles/cmTryCompileExec3328489935.dir/CMakeCCompilerABI.c.o   -c /usr/local/Cellar/cmake/2.8.10.2/share/cmake/Modules/CMakeCCompilerABI.c]
  ignore line: [Linking C executable cmTryCompileExec3328489935]
  ignore line: [/usr/local/Cellar/cmake/2.8.10.2/bin/cmake -E cmake_link_script CMakeFiles/cmTryCompileExec3328489935.dir/link.txt --verbose=1]
  ignore line: [/usr/bin/cc      -Wl,-search_paths_first -Wl,-headerpad_max_install_names -v CMakeFiles/cmTryCompileExec3328489935.dir/CMakeCCompilerABI.c.o  -o cmTryCompileExec3328489935   ]
  ignore line: [Apple LLVM version 4.2 (clang-425.0.27) (based on LLVM 3.2svn)]
  ignore line: [Target: x86_64-apple-darwin11.4.2]
  ignore line: [Thread model: posix]
  link line: [ "/usr/bin/ld" -demangle -dynamic -arch x86_64 -macosx_version_min 10.7.0 -o cmTryCompileExec3328489935 -lcrt1.10.6.o -search_paths_first -headerpad_max_install_names CMakeFiles/cmTryCompileExec3328489935.dir/CMakeCCompilerABI.c.o -lSystem /usr/bin/../lib/clang/4.2/lib/darwin/libclang_rt.osx.a]
    arg [/usr/bin/ld] ==> ignore
    arg [-demangle] ==> ignore
    arg [-dynamic] ==> ignore
    arg [-arch] ==> ignore
    arg [x86_64] ==> ignore
    arg [-macosx_version_min] ==> ignore
    arg [10.7.0] ==> ignore
    arg [-o] ==> ignore
    arg [cmTryCompileExec3328489935] ==> ignore
    arg [-lcrt1.10.6.o] ==> lib [crt1.10.6.o]
    arg [-search_paths_first] ==> ignore
    arg [-headerpad_max_install_names] ==> ignore
    arg [CMakeFiles/cmTryCompileExec3328489935.dir/CMakeCCompilerABI.c.o] ==> ignore
    arg [-lSystem] ==> lib [System]
    arg [/usr/bin/../lib/clang/4.2/lib/darwin/libclang_rt.osx.a] ==> lib [/usr/bin/../lib/clang/4.2/lib/darwin/libclang_rt.osx.a]
  remove lib [crt1.10.6.o]
  remove lib [System]
  implicit libs: [/usr/bin/../lib/clang/4.2/lib/darwin/libclang_rt.osx.a]
  implicit dirs: []


Determining if the CXX compiler works passed with the following output:
Change Dir: /Users/thejenix/Dropbox/School/Agency/dev/rrtstar/lcmtypes/pod-build/CMakeFiles/CMakeTmp

Run Build Command:/usr/bin/make "cmTryCompileExec542260498/fast"
/usr/bin/make -f CMakeFiles/cmTryCompileExec542260498.dir/build.make CMakeFiles/cmTryCompileExec542260498.dir/build
/usr/local/Cellar/cmake/2.8.10.2/bin/cmake -E cmake_progress_report /Users/thejenix/Dropbox/School/Agency/dev/rrtstar/lcmtypes/pod-build/CMakeFiles/CMakeTmp/CMakeFiles 1
Building CXX object CMakeFiles/cmTryCompileExec542260498.dir/testCXXCompiler.cxx.o
/usr/bin/c++     -o CMakeFiles/cmTryCompileExec542260498.dir/testCXXCompiler.cxx.o -c /Users/thejenix/Dropbox/School/Agency/dev/rrtstar/lcmtypes/pod-build/CMakeFiles/CMakeTmp/testCXXCompiler.cxx
Linking CXX executable cmTryCompileExec542260498
/usr/local/Cellar/cmake/2.8.10.2/bin/cmake -E cmake_link_script CMakeFiles/cmTryCompileExec542260498.dir/link.txt --verbose=1
/usr/bin/c++       -Wl,-search_paths_first -Wl,-headerpad_max_install_names   CMakeFiles/cmTryCompileExec542260498.dir/testCXXCompiler.cxx.o  -o cmTryCompileExec542260498  


Detecting CXX compiler ABI info compiled with the following output:
Change Dir: /Users/thejenix/Dropbox/School/Agency/dev/rrtstar/lcmtypes/pod-build/CMakeFiles/CMakeTmp

Run Build Command:/usr/bin/make "cmTryCompileExec3738615758/fast"
/usr/bin/make -f CMakeFiles/cmTryCompileExec3738615758.dir/build.make CMakeFiles/cmTryCompileExec3738615758.dir/build
/usr/local/Cellar/cmake/2.8.10.2/bin/cmake -E cmake_progress_report /Users/thejenix/Dropbox/School/Agency/dev/rrtstar/lcmtypes/pod-build/CMakeFiles/CMakeTmp/CMakeFiles 1
Building CXX object CMakeFiles/cmTryCompileExec3738615758.dir/CMakeCXXCompilerABI.cpp.o
/usr/bin/c++     -o CMakeFiles/cmTryCompileExec3738615758.dir/CMakeCXXCompilerABI.cpp.o -c /usr/local/Cellar/cmake/2.8.10.2/share/cmake/Modules/CMakeCXXCompilerABI.cpp
Linking CXX executable cmTryCompileExec3738615758
/usr/local/Cellar/cmake/2.8.10.2/bin/cmake -E cmake_link_script CMakeFiles/cmTryCompileExec3738615758.dir/link.txt --verbose=1
/usr/bin/c++       -Wl,-search_paths_first -Wl,-headerpad_max_install_names -v CMakeFiles/cmTryCompileExec3738615758.dir/CMakeCXXCompilerABI.cpp.o  -o cmTryCompileExec3738615758   
Apple LLVM version 4.2 (clang-425.0.27) (based on LLVM 3.2svn)
Target: x86_64-apple-darwin11.4.2
Thread model: posix
 "/usr/bin/ld" -demangle -dynamic -arch x86_64 -macosx_version_min 10.7.0 -o cmTryCompileExec3738615758 -lcrt1.10.6.o -search_paths_first -headerpad_max_install_names CMakeFiles/cmTryCompileExec3738615758.dir/CMakeCXXCompilerABI.cpp.o -lstdc++ -lSystem /usr/bin/../lib/clang/4.2/lib/darwin/libclang_rt.osx.a


Parsed CXX implicit link information from above output:
  link line regex: [^( *|.*[/\])(ld|ld|collect2)[^/\]*( |$)]
  ignore line: [Change Dir: /Users/thejenix/Dropbox/School/Agency/dev/rrtstar/lcmtypes/pod-build/CMakeFiles/CMakeTmp]
  ignore line: []
  ignore line: [Run Build Command:/usr/bin/make "cmTryCompileExec3738615758/fast"]
  ignore line: [/usr/bin/make -f CMakeFiles/cmTryCompileExec3738615758.dir/build.make CMakeFiles/cmTryCompileExec3738615758.dir/build]
  ignore line: [/usr/local/Cellar/cmake/2.8.10.2/bin/cmake -E cmake_progress_report /Users/thejenix/Dropbox/School/Agency/dev/rrtstar/lcmtypes/pod-build/CMakeFiles/CMakeTmp/CMakeFiles 1]
  ignore line: [Building CXX object CMakeFiles/cmTryCompileExec3738615758.dir/CMakeCXXCompilerABI.cpp.o]
  ignore line: [/usr/bin/c++     -o CMakeFiles/cmTryCompileExec3738615758.dir/CMakeCXXCompilerABI.cpp.o -c /usr/local/Cellar/cmake/2.8.10.2/share/cmake/Modules/CMakeCXXCompilerABI.cpp]
  ignore line: [Linking CXX executable cmTryCompileExec3738615758]
  ignore line: [/usr/local/Cellar/cmake/2.8.10.2/bin/cmake -E cmake_link_script CMakeFiles/cmTryCompileExec3738615758.dir/link.txt --verbose=1]
  ignore line: [/usr/bin/c++       -Wl,-search_paths_first -Wl,-headerpad_max_install_names -v CMakeFiles/cmTryCompileExec3738615758.dir/CMakeCXXCompilerABI.cpp.o  -o cmTryCompileExec3738615758   ]
  ignore line: [Apple LLVM version 4.2 (clang-425.0.27) (based on LLVM 3.2svn)]
  ignore line: [Target: x86_64-apple-darwin11.4.2]
  ignore line: [Thread model: posix]
  link line: [ "/usr/bin/ld" -demangle -dynamic -arch x86_64 -macosx_version_min 10.7.0 -o cmTryCompileExec3738615758 -lcrt1.10.6.o -search_paths_first -headerpad_max_install_names CMakeFiles/cmTryCompileExec3738615758.dir/CMakeCXXCompilerABI.cpp.o -lstdc++ -lSystem /usr/bin/../lib/clang/4.2/lib/darwin/libclang_rt.osx.a]
    arg [/usr/bin/ld] ==> ignore
    arg [-demangle] ==> ignore
    arg [-dynamic] ==> ignore
    arg [-arch] ==> ignore
    arg [x86_64] ==> ignore
    arg [-macosx_version_min] ==> ignore
    arg [10.7.0] ==> ignore
    arg [-o] ==> ignore
    arg [cmTryCompileExec3738615758] ==> ignore
    arg [-lcrt1.10.6.o] ==> lib [crt1.10.6.o]
    arg [-search_paths_first] ==> ignore
    arg [-headerpad_max_install_names] ==> ignore
    arg [CMakeFiles/cmTryCompileExec3738615758.dir/CMakeCXXCompilerABI.cpp.o] ==> ignore
    arg [-lstdc++] ==> lib [stdc++]
    arg [-lSystem] ==> lib [System]
    arg [/usr/bin/../lib/clang/4.2/lib/darwin/libclang_rt.osx.a] ==> lib [/usr/bin/../lib/clang/4.2/lib/darwin/libclang_rt.osx.a]
  remove lib [crt1.10.6.o]
  remove lib [System]
  implicit libs: [stdc++;/usr/bin/../lib/clang/4.2/lib/darwin/libclang_rt.osx.a]
  implicit dirs: []


