The system is: Darwin - 11.4.2 - i386
Compiling the C compiler identification source file "CMakeCCompilerId.c" succeeded.
Compiler: /usr/bin/cc 
Build flags: 
Id flags: 

The output was:
0


Compilation of the C compiler identification source "CMakeCCompilerId.c" produced "a.out"

The C compiler identification is Clang, found in "/Users/thejenix/Dropbox/School/Agency/dev/rrtstar/rrtstar/pod-build/CMakeFiles/2.8.10.2/CompilerIdC/a.out"

Compiling the CXX compiler identification source file "CMakeCXXCompilerId.cpp" succeeded.
Compiler: /usr/bin/c++ 
Build flags: 
Id flags: 

The output was:
0


Compilation of the CXX compiler identification source "CMakeCXXCompilerId.cpp" produced "a.out"

The CXX compiler identification is Clang, found in "/Users/thejenix/Dropbox/School/Agency/dev/rrtstar/rrtstar/pod-build/CMakeFiles/2.8.10.2/CompilerIdCXX/a.out"

Determining if the C compiler works passed with the following output:
Change Dir: /Users/thejenix/Dropbox/School/Agency/dev/rrtstar/rrtstar/pod-build/CMakeFiles/CMakeTmp

Run Build Command:/usr/bin/make "cmTryCompileExec3090669596/fast"
/usr/bin/make -f CMakeFiles/cmTryCompileExec3090669596.dir/build.make CMakeFiles/cmTryCompileExec3090669596.dir/build
/usr/local/Cellar/cmake/2.8.10.2/bin/cmake -E cmake_progress_report /Users/thejenix/Dropbox/School/Agency/dev/rrtstar/rrtstar/pod-build/CMakeFiles/CMakeTmp/CMakeFiles 1
Building C object CMakeFiles/cmTryCompileExec3090669596.dir/testCCompiler.c.o
/usr/bin/cc    -o CMakeFiles/cmTryCompileExec3090669596.dir/testCCompiler.c.o   -c /Users/thejenix/Dropbox/School/Agency/dev/rrtstar/rrtstar/pod-build/CMakeFiles/CMakeTmp/testCCompiler.c
Linking C executable cmTryCompileExec3090669596
/usr/local/Cellar/cmake/2.8.10.2/bin/cmake -E cmake_link_script CMakeFiles/cmTryCompileExec3090669596.dir/link.txt --verbose=1
/usr/bin/cc      -Wl,-search_paths_first -Wl,-headerpad_max_install_names   CMakeFiles/cmTryCompileExec3090669596.dir/testCCompiler.c.o  -o cmTryCompileExec3090669596  


Detecting C compiler ABI info compiled with the following output:
Change Dir: /Users/thejenix/Dropbox/School/Agency/dev/rrtstar/rrtstar/pod-build/CMakeFiles/CMakeTmp

Run Build Command:/usr/bin/make "cmTryCompileExec469832135/fast"
/usr/bin/make -f CMakeFiles/cmTryCompileExec469832135.dir/build.make CMakeFiles/cmTryCompileExec469832135.dir/build
/usr/local/Cellar/cmake/2.8.10.2/bin/cmake -E cmake_progress_report /Users/thejenix/Dropbox/School/Agency/dev/rrtstar/rrtstar/pod-build/CMakeFiles/CMakeTmp/CMakeFiles 1
Building C object CMakeFiles/cmTryCompileExec469832135.dir/CMakeCCompilerABI.c.o
/usr/bin/cc    -o CMakeFiles/cmTryCompileExec469832135.dir/CMakeCCompilerABI.c.o   -c /usr/local/Cellar/cmake/2.8.10.2/share/cmake/Modules/CMakeCCompilerABI.c
Linking C executable cmTryCompileExec469832135
/usr/local/Cellar/cmake/2.8.10.2/bin/cmake -E cmake_link_script CMakeFiles/cmTryCompileExec469832135.dir/link.txt --verbose=1
/usr/bin/cc      -Wl,-search_paths_first -Wl,-headerpad_max_install_names -v CMakeFiles/cmTryCompileExec469832135.dir/CMakeCCompilerABI.c.o  -o cmTryCompileExec469832135   
Apple LLVM version 4.2 (clang-425.0.27) (based on LLVM 3.2svn)
Target: x86_64-apple-darwin11.4.2
Thread model: posix
 "/usr/bin/ld" -demangle -dynamic -arch x86_64 -macosx_version_min 10.7.0 -o cmTryCompileExec469832135 -lcrt1.10.6.o -search_paths_first -headerpad_max_install_names CMakeFiles/cmTryCompileExec469832135.dir/CMakeCCompilerABI.c.o -lSystem /usr/bin/../lib/clang/4.2/lib/darwin/libclang_rt.osx.a


Parsed C implicit link information from above output:
  link line regex: [^( *|.*[/\])(ld|ld|collect2)[^/\]*( |$)]
  ignore line: [Change Dir: /Users/thejenix/Dropbox/School/Agency/dev/rrtstar/rrtstar/pod-build/CMakeFiles/CMakeTmp]
  ignore line: []
  ignore line: [Run Build Command:/usr/bin/make "cmTryCompileExec469832135/fast"]
  ignore line: [/usr/bin/make -f CMakeFiles/cmTryCompileExec469832135.dir/build.make CMakeFiles/cmTryCompileExec469832135.dir/build]
  ignore line: [/usr/local/Cellar/cmake/2.8.10.2/bin/cmake -E cmake_progress_report /Users/thejenix/Dropbox/School/Agency/dev/rrtstar/rrtstar/pod-build/CMakeFiles/CMakeTmp/CMakeFiles 1]
  ignore line: [Building C object CMakeFiles/cmTryCompileExec469832135.dir/CMakeCCompilerABI.c.o]
  ignore line: [/usr/bin/cc    -o CMakeFiles/cmTryCompileExec469832135.dir/CMakeCCompilerABI.c.o   -c /usr/local/Cellar/cmake/2.8.10.2/share/cmake/Modules/CMakeCCompilerABI.c]
  ignore line: [Linking C executable cmTryCompileExec469832135]
  ignore line: [/usr/local/Cellar/cmake/2.8.10.2/bin/cmake -E cmake_link_script CMakeFiles/cmTryCompileExec469832135.dir/link.txt --verbose=1]
  ignore line: [/usr/bin/cc      -Wl,-search_paths_first -Wl,-headerpad_max_install_names -v CMakeFiles/cmTryCompileExec469832135.dir/CMakeCCompilerABI.c.o  -o cmTryCompileExec469832135   ]
  ignore line: [Apple LLVM version 4.2 (clang-425.0.27) (based on LLVM 3.2svn)]
  ignore line: [Target: x86_64-apple-darwin11.4.2]
  ignore line: [Thread model: posix]
  link line: [ "/usr/bin/ld" -demangle -dynamic -arch x86_64 -macosx_version_min 10.7.0 -o cmTryCompileExec469832135 -lcrt1.10.6.o -search_paths_first -headerpad_max_install_names CMakeFiles/cmTryCompileExec469832135.dir/CMakeCCompilerABI.c.o -lSystem /usr/bin/../lib/clang/4.2/lib/darwin/libclang_rt.osx.a]
    arg [/usr/bin/ld] ==> ignore
    arg [-demangle] ==> ignore
    arg [-dynamic] ==> ignore
    arg [-arch] ==> ignore
    arg [x86_64] ==> ignore
    arg [-macosx_version_min] ==> ignore
    arg [10.7.0] ==> ignore
    arg [-o] ==> ignore
    arg [cmTryCompileExec469832135] ==> ignore
    arg [-lcrt1.10.6.o] ==> lib [crt1.10.6.o]
    arg [-search_paths_first] ==> ignore
    arg [-headerpad_max_install_names] ==> ignore
    arg [CMakeFiles/cmTryCompileExec469832135.dir/CMakeCCompilerABI.c.o] ==> ignore
    arg [-lSystem] ==> lib [System]
    arg [/usr/bin/../lib/clang/4.2/lib/darwin/libclang_rt.osx.a] ==> lib [/usr/bin/../lib/clang/4.2/lib/darwin/libclang_rt.osx.a]
  remove lib [crt1.10.6.o]
  remove lib [System]
  implicit libs: [/usr/bin/../lib/clang/4.2/lib/darwin/libclang_rt.osx.a]
  implicit dirs: []


Determining if the CXX compiler works passed with the following output:
Change Dir: /Users/thejenix/Dropbox/School/Agency/dev/rrtstar/rrtstar/pod-build/CMakeFiles/CMakeTmp

Run Build Command:/usr/bin/make "cmTryCompileExec1152415839/fast"
/usr/bin/make -f CMakeFiles/cmTryCompileExec1152415839.dir/build.make CMakeFiles/cmTryCompileExec1152415839.dir/build
/usr/local/Cellar/cmake/2.8.10.2/bin/cmake -E cmake_progress_report /Users/thejenix/Dropbox/School/Agency/dev/rrtstar/rrtstar/pod-build/CMakeFiles/CMakeTmp/CMakeFiles 1
Building CXX object CMakeFiles/cmTryCompileExec1152415839.dir/testCXXCompiler.cxx.o
/usr/bin/c++     -o CMakeFiles/cmTryCompileExec1152415839.dir/testCXXCompiler.cxx.o -c /Users/thejenix/Dropbox/School/Agency/dev/rrtstar/rrtstar/pod-build/CMakeFiles/CMakeTmp/testCXXCompiler.cxx
Linking CXX executable cmTryCompileExec1152415839
/usr/local/Cellar/cmake/2.8.10.2/bin/cmake -E cmake_link_script CMakeFiles/cmTryCompileExec1152415839.dir/link.txt --verbose=1
/usr/bin/c++       -Wl,-search_paths_first -Wl,-headerpad_max_install_names   CMakeFiles/cmTryCompileExec1152415839.dir/testCXXCompiler.cxx.o  -o cmTryCompileExec1152415839  


Detecting CXX compiler ABI info compiled with the following output:
Change Dir: /Users/thejenix/Dropbox/School/Agency/dev/rrtstar/rrtstar/pod-build/CMakeFiles/CMakeTmp

Run Build Command:/usr/bin/make "cmTryCompileExec433856289/fast"
/usr/bin/make -f CMakeFiles/cmTryCompileExec433856289.dir/build.make CMakeFiles/cmTryCompileExec433856289.dir/build
/usr/local/Cellar/cmake/2.8.10.2/bin/cmake -E cmake_progress_report /Users/thejenix/Dropbox/School/Agency/dev/rrtstar/rrtstar/pod-build/CMakeFiles/CMakeTmp/CMakeFiles 1
Building CXX object CMakeFiles/cmTryCompileExec433856289.dir/CMakeCXXCompilerABI.cpp.o
/usr/bin/c++     -o CMakeFiles/cmTryCompileExec433856289.dir/CMakeCXXCompilerABI.cpp.o -c /usr/local/Cellar/cmake/2.8.10.2/share/cmake/Modules/CMakeCXXCompilerABI.cpp
Linking CXX executable cmTryCompileExec433856289
/usr/local/Cellar/cmake/2.8.10.2/bin/cmake -E cmake_link_script CMakeFiles/cmTryCompileExec433856289.dir/link.txt --verbose=1
/usr/bin/c++       -Wl,-search_paths_first -Wl,-headerpad_max_install_names -v CMakeFiles/cmTryCompileExec433856289.dir/CMakeCXXCompilerABI.cpp.o  -o cmTryCompileExec433856289   
Apple LLVM version 4.2 (clang-425.0.27) (based on LLVM 3.2svn)
Target: x86_64-apple-darwin11.4.2
Thread model: posix
 "/usr/bin/ld" -demangle -dynamic -arch x86_64 -macosx_version_min 10.7.0 -o cmTryCompileExec433856289 -lcrt1.10.6.o -search_paths_first -headerpad_max_install_names CMakeFiles/cmTryCompileExec433856289.dir/CMakeCXXCompilerABI.cpp.o -lstdc++ -lSystem /usr/bin/../lib/clang/4.2/lib/darwin/libclang_rt.osx.a


Parsed CXX implicit link information from above output:
  link line regex: [^( *|.*[/\])(ld|ld|collect2)[^/\]*( |$)]
  ignore line: [Change Dir: /Users/thejenix/Dropbox/School/Agency/dev/rrtstar/rrtstar/pod-build/CMakeFiles/CMakeTmp]
  ignore line: []
  ignore line: [Run Build Command:/usr/bin/make "cmTryCompileExec433856289/fast"]
  ignore line: [/usr/bin/make -f CMakeFiles/cmTryCompileExec433856289.dir/build.make CMakeFiles/cmTryCompileExec433856289.dir/build]
  ignore line: [/usr/local/Cellar/cmake/2.8.10.2/bin/cmake -E cmake_progress_report /Users/thejenix/Dropbox/School/Agency/dev/rrtstar/rrtstar/pod-build/CMakeFiles/CMakeTmp/CMakeFiles 1]
  ignore line: [Building CXX object CMakeFiles/cmTryCompileExec433856289.dir/CMakeCXXCompilerABI.cpp.o]
  ignore line: [/usr/bin/c++     -o CMakeFiles/cmTryCompileExec433856289.dir/CMakeCXXCompilerABI.cpp.o -c /usr/local/Cellar/cmake/2.8.10.2/share/cmake/Modules/CMakeCXXCompilerABI.cpp]
  ignore line: [Linking CXX executable cmTryCompileExec433856289]
  ignore line: [/usr/local/Cellar/cmake/2.8.10.2/bin/cmake -E cmake_link_script CMakeFiles/cmTryCompileExec433856289.dir/link.txt --verbose=1]
  ignore line: [/usr/bin/c++       -Wl,-search_paths_first -Wl,-headerpad_max_install_names -v CMakeFiles/cmTryCompileExec433856289.dir/CMakeCXXCompilerABI.cpp.o  -o cmTryCompileExec433856289   ]
  ignore line: [Apple LLVM version 4.2 (clang-425.0.27) (based on LLVM 3.2svn)]
  ignore line: [Target: x86_64-apple-darwin11.4.2]
  ignore line: [Thread model: posix]
  link line: [ "/usr/bin/ld" -demangle -dynamic -arch x86_64 -macosx_version_min 10.7.0 -o cmTryCompileExec433856289 -lcrt1.10.6.o -search_paths_first -headerpad_max_install_names CMakeFiles/cmTryCompileExec433856289.dir/CMakeCXXCompilerABI.cpp.o -lstdc++ -lSystem /usr/bin/../lib/clang/4.2/lib/darwin/libclang_rt.osx.a]
    arg [/usr/bin/ld] ==> ignore
    arg [-demangle] ==> ignore
    arg [-dynamic] ==> ignore
    arg [-arch] ==> ignore
    arg [x86_64] ==> ignore
    arg [-macosx_version_min] ==> ignore
    arg [10.7.0] ==> ignore
    arg [-o] ==> ignore
    arg [cmTryCompileExec433856289] ==> ignore
    arg [-lcrt1.10.6.o] ==> lib [crt1.10.6.o]
    arg [-search_paths_first] ==> ignore
    arg [-headerpad_max_install_names] ==> ignore
    arg [CMakeFiles/cmTryCompileExec433856289.dir/CMakeCXXCompilerABI.cpp.o] ==> ignore
    arg [-lstdc++] ==> lib [stdc++]
    arg [-lSystem] ==> lib [System]
    arg [/usr/bin/../lib/clang/4.2/lib/darwin/libclang_rt.osx.a] ==> lib [/usr/bin/../lib/clang/4.2/lib/darwin/libclang_rt.osx.a]
  remove lib [crt1.10.6.o]
  remove lib [System]
  implicit libs: [stdc++;/usr/bin/../lib/clang/4.2/lib/darwin/libclang_rt.osx.a]
  implicit dirs: []


